<?xml version="1.0" encoding="UTF-8"?>
<testng-results ignored="0" total="1" passed="1" failed="0" skipped="0">
  <reporter-output>
  </reporter-output>
  <suite started-at="2023-02-15T11:34:35 IST" name="Suite" finished-at="2023-02-15T11:34:40 IST" duration-ms="4993">
    <groups>
      <group name="cucumber">
        <method signature="AbstractTestNGCucumberTests.runScenario(io.cucumber.testng.PickleWrapper, io.cucumber.testng.FeatureWrapper)[pri:0, instance:Runner.TestRunner@272113c4]" name="runScenario" class="io.cucumber.testng.AbstractTestNGCucumberTests"/>
      </group> <!-- cucumber -->
    </groups>
    <test started-at="2023-02-15T11:34:35 IST" name="Test" finished-at="2023-02-15T11:34:40 IST" duration-ms="4993">
      <class name="Runner.TestRunner">
        <test-method is-config="true" signature="setUpClass(org.testng.ITestContext)[pri:0, instance:Runner.TestRunner@272113c4]" started-at="2023-02-15T11:34:35 IST" name="setUpClass" finished-at="2023-02-15T11:34:36 IST" duration-ms="402" status="PASS">
          <params>
            <param index="0">
              <value>
                <![CDATA[org.testng.TestRunner@16b7e04a]]>
              </value>
            </param>
          </params>
          <reporter-output>
          </reporter-output>
        </test-method> <!-- setUpClass -->
        <test-method signature="runScenario(io.cucumber.testng.PickleWrapper, io.cucumber.testng.FeatureWrapper)[pri:0, instance:Runner.TestRunner@272113c4]" started-at="2023-02-15T11:34:36 IST" name="runScenario" description="Runs Cucumber Scenarios" data-provider="scenarios" finished-at="2023-02-15T11:34:39 IST" duration-ms="3272" status="PASS">
          <params>
            <param index="0">
              <value>
                <![CDATA["login https://www.saucedemo.com/"]]>
              </value>
            </param>
            <param index="1">
              <value>
                <![CDATA["check saucedemo login page working fine"]]>
              </value>
            </param>
          </params>
          <reporter-output>
          </reporter-output>
        </test-method> <!-- runScenario -->
        <test-method is-config="true" signature="tearDownClass()[pri:0, instance:Runner.TestRunner@272113c4]" started-at="2023-02-15T11:34:39 IST" name="tearDownClass" finished-at="2023-02-15T11:34:40 IST" duration-ms="1299" status="PASS">
          <reporter-output>
          </reporter-output>
        </test-method> <!-- tearDownClass -->
      </class> <!-- Runner.TestRunner -->
    </test> <!-- Test -->
  </suite> <!-- Suite -->
</testng-results>
